<?xml version="1.0" encoding="UTF-8"?>
<testsuite name="ListMockTest" tests="1" skipped="0" failures="0" errors="0" timestamp="2022-03-14T14:03:29" hostname="DESKTOP-5G3M70U" time="0.817">
  <properties/>
  <testcase name="injectMocks()" classname="ListMockTest" time="0.817"/>
  <system-out><![CDATA[]]></system-out>
  <system-err><![CDATA[]]></system-err>
</testsuite>
